2025-06-14 15:16:53,866 - INFO - === лЌлљлЪлБлАлџ лљлњлблълюлљлблўлЌлљлдлўлў TIKTOK ===
2025-06-14 15:16:54,106 - ERROR - лъЛѕлИл▒л║л░ л┐ЛђлИ лИлйлИЛєлИл░л╗лИлил░ЛєлИлИ л▒Лђл░ЛЃлилхЛђл░: Target page, context or browser has been closed
Browser logs:

РЋћРЋљРЋљРЋљРЋљРЋљРЋљРЋљРЋљРЋљРЋљРЋљРЋљРЋљРЋљРЋљРЋљРЋљРЋљРЋљРЋљРЋљРЋљРЋљРЋљРЋљРЋљРЋљРЋљРЋљРЋљРЋљРЋљРЋљРЋљРЋљРЋљРЋљРЋљРЋљРЋљРЋљРЋљРЋљРЋљРЋљРЋљРЋљРЋљРЋљРЋљРЋљРЋљРЋљРЋљРЋљРЋљРЋљРЋљРЋљРЋљРЋљРЋљРЋљРЋљРЋљРЋљРЋљРЋљРЋљРЋљРЋљРЋљРЋљРЋљРЋљРЋљРЋљРЋљРЋљРЋљРЋљРЋљРЋљРЋљРЋљРЋљРЋљРЋљРЋљРЋљРЋљРЋљРЋљРЋљРЋљРЋљРЋЌ
РЋЉ Looks like you launched a headed browser without having a XServer running.                     РЋЉ
РЋЉ Set either 'headless: true' or use 'xvfb-run <your-playwright-app>' before running Playwright. РЋЉ
РЋЉ                                                                                                РЋЉ
РЋЉ <3 Playwright Team                                                                             РЋЉ
РЋџРЋљРЋљРЋљРЋљРЋљРЋљРЋљРЋљРЋљРЋљРЋљРЋљРЋљРЋљРЋљРЋљРЋљРЋљРЋљРЋљРЋљРЋљРЋљРЋљРЋљРЋљРЋљРЋљРЋљРЋљРЋљРЋљРЋљРЋљРЋљРЋљРЋљРЋљРЋљРЋљРЋљРЋљРЋљРЋљРЋљРЋљРЋљРЋљРЋљРЋљРЋљРЋљРЋљРЋљРЋљРЋљРЋљРЋљРЋљРЋљРЋљРЋљРЋљРЋљРЋљРЋљРЋљРЋљРЋљРЋљРЋљРЋљРЋљРЋљРЋљРЋљРЋљРЋљРЋљРЋљРЋљРЋљРЋљРЋљРЋљРЋљРЋљРЋљРЋљРЋљРЋљРЋљРЋљРЋљРЋљРЋљРЋЮ
2025-06-15 20:50:15,461 | INFO | ­Ъџђ лЪлЙЛЄл░ЛѓлЙл║ л░л▓ЛѓлЙл╝л░ЛѓлИлил░ЛєЛќЛЌ TikTok
2025-06-15 20:50:15,461 | INFO | ­Ъћј лЪлЙЛѕЛЃл║лЙл▓лИл╣ лил░л┐лИЛѓ: dance, skip% = 12, max videos = 20
2025-06-15 20:50:20,778 | INFO | ­Ъћљ лЉЛЃл┤Лї л╗л░ЛЂл║л░, ЛЃл▓Лќл╣л┤ЛќЛѓЛї л▓ ЛЂл▓Лќл╣ TikTok л░л║л░ЛЃлйЛѓ ЛЃ л▓Лќл┤л║ЛђлИЛѓлЙл╝ЛЃ л▓Лќл║лйЛќ.
2025-06-15 20:53:16,915 | INFO | РюЁ лљл▓ЛѓлЙЛђлИлил░ЛєЛќЛј лил░л▓лхЛђЛѕлхлйлЙ
2025-06-15 20:53:16,915 | INFO | ­Ъїљ лњЛќл┤л║ЛђлИл▓л░Лћл╝лЙ https://www.tiktok.com/search?q=dance
2025-06-15 20:53:20,480 | INFO | РюЁ лалхлиЛЃл╗ЛїЛѓл░ЛѓлИ л┐лЙЛѕЛЃл║ЛЃ лил░л▓л░лйЛѓл░лХлхлйлЙ
2025-06-15 20:53:23,785 | INFO | ­ЪЊё лЌЛќл▒Лђл░лйлЙ л┐лЙЛЂлИл╗л░лйЛї: 20
2025-06-15 20:53:23,785 | INFO | 1/20 | https://www.tiktok.com/@caikunkuna/video/7511457573439180078 | лЪлалълАлюлълблаРђд
2025-06-15 20:53:45,403 | ERROR | 1/20 | https://www.tiktok.com/@caikunkuna/video/7511457573439180078 | лблљлЎлюлљлБлб лЌлљлњлљлЮлблљлќлЋлЮлЮл» лњлєлћлЋлъ
2025-06-15 20:53:45,413 | INFO | 2/20 | https://www.tiktok.com/@d.a.m.i.y.a.m.i/video/7515134618387942678 | лЪлалълАлюлълблаРђд
2025-06-15 20:54:04,929 | ERROR | 2/20 | https://www.tiktok.com/@d.a.m.i.y.a.m.i/video/7515134618387942678 | лблљлЎлюлљлБлб лЌлљлњлљлЮлблљлќлЋлЮлЮл» лњлєлћлЋлъ
2025-06-15 20:54:04,938 | INFO | 3/20 | https://www.tiktok.com/@darshstar_27/video/7512563310915587384 | лЪлалълАлюлълблаРђд
2025-06-15 20:54:13,625 | ERROR | 3/20 | https://www.tiktok.com/@darshstar_27/video/7512563310915587384 | лЪлълюлўлЏлџлљ лЪлалў лЪлалълАлюлълблалє: Target page, context or browser has been closed
2025-06-15 20:54:13,627 | INFO | 4/20 | https://www.tiktok.com/@vlea20/video/7506469345485294871 | лЪлалълАлюлълблаРђд
2025-06-15 20:54:15,872 | ERROR | 4/20 | https://www.tiktok.com/@vlea20/video/7506469345485294871 | лЪлълюлўлЏлџлљ лЪлалў лЪлалълАлюлълблалє: Target page, context or browser has been closed
2025-06-15 20:54:15,873 | INFO | 5/20 | https://www.tiktok.com/@purpleleeworld/video/7309073721686248705 | лЪлалълАлюлълблаРђд
2025-06-15 20:54:30,972 | ERROR | 5/20 | https://www.tiktok.com/@purpleleeworld/video/7309073721686248705 | лЪлълюлўлЏлџлљ лЪлалў лЪлалълАлюлълблалє: Target page, context or browser has been closed
2025-06-15 20:54:30,973 | INFO | 6/20 | https://www.tiktok.com/@qwiizhll/video/7380504785427975430 | лЪлалълАлюлълблаРђд
2025-06-15 20:54:50,760 | ERROR | 6/20 | https://www.tiktok.com/@qwiizhll/video/7380504785427975430 | лблљлЎлюлљлБлб лЌлљлњлљлЮлблљлќлЋлЮлЮл» лњлєлћлЋлъ
2025-06-15 20:54:50,768 | INFO | 7/20 | https://www.tiktok.com/@taupadakdancestudio/video/7328146146033929504 | лЪлалълЪлБлЕлЋлЮлъ
2025-06-15 20:54:50,769 | INFO | 8/20 | https://www.tiktok.com/@larissa.nl2/video/7483846905672240406 | лЪлалълАлюлълблаРђд
2025-06-15 20:55:10,895 | ERROR | 8/20 | https://www.tiktok.com/@larissa.nl2/video/7483846905672240406 | лблљлЎлюлљлБлб лЌлљлњлљлЮлблљлќлЋлЮлЮл» лњлєлћлЋлъ
2025-06-15 20:55:10,907 | INFO | 9/20 | https://www.tiktok.com/@rhythmattack_holybeat/video/7449788216623811862 | лЪлалълАлюлълблаРђд
2025-06-15 20:55:30,505 | ERROR | 9/20 | https://www.tiktok.com/@rhythmattack_holybeat/video/7449788216623811862 | лблљлЎлюлљлБлб лЌлљлњлљлЮлблљлќлЋлЮлЮл» лњлєлћлЋлъ
2025-06-15 20:55:30,515 | INFO | 10/20 | https://www.tiktok.com/@malliboo_faye/video/7384641730441760006 | лЪлалълЪлБлЕлЋлЮлъ
2025-06-15 20:55:30,515 | INFO | 11/20 | https://www.tiktok.com/@beginsisters_official/video/7501652313644322054 | лЪлалълАлюлълблаРђд
2025-06-15 20:55:49,892 | ERROR | 11/20 | https://www.tiktok.com/@beginsisters_official/video/7501652313644322054 | лблљлЎлюлљлБлб лЌлљлњлљлЮлблљлќлЋлЮлЮл» лњлєлћлЋлъ
2025-06-15 20:55:49,902 | INFO | 12/20 | https://www.tiktok.com/@fr1dad1da/video/7507563505143303446 | лЪлалълЪлБлЕлЋлЮлъ
2025-06-15 20:55:49,902 | INFO | 13/20 | https://www.tiktok.com/@rhythmattack_holybeat/video/7457962247759990038 | лЪлалълАлюлълблаРђд
2025-06-15 20:56:15,018 | ERROR | 13/20 | https://www.tiktok.com/@rhythmattack_holybeat/video/7457962247759990038 | лблљлЎлюлљлБлб лЌлљлњлљлЮлблљлќлЋлЮлЮл» лњлєлћлЋлъ
2025-06-15 20:56:15,028 | INFO | 14/20 | https://www.tiktok.com/@sabbi0205/video/7448942735098121494 | лЪлалълАлюлълблаРђд
2025-06-15 20:56:20,314 | ERROR | 14/20 | https://www.tiktok.com/@sabbi0205/video/7448942735098121494 | лЪлълюлўлЏлџлљ лЪлалў лЪлалълАлюлълблалє: Target page, context or browser has been closed
2025-06-15 20:56:20,315 | INFO | 15/20 | https://www.tiktok.com/@mekhrona_18/video/7359715241778826514 | лЪлалълАлюлълблаРђд
2025-06-15 20:56:28,349 | WARNING | ­ЪџФ лАл║ЛђлИл┐Лѓ лиЛЃл┐лИлйлхлйлЙ л║лЙЛђлИЛЂЛѓЛЃл▓л░ЛЄлхл╝
2025-06-15 20:56:28,353 | ERROR | Future exception was never retrieved
future: <Future finished exception=TargetClosedError('Target page, context or browser has been closed')>
playwright._impl._errors.TargetClosedError: Target page, context or browser has been closed
2025-06-15 20:56:40,968 | INFO | ­Ъџђ лЪлЙЛЄл░ЛѓлЙл║ л░л▓ЛѓлЙл╝л░ЛѓлИлил░ЛєЛќЛЌ TikTok
2025-06-15 20:56:40,968 | INFO | ­Ъћј лЪлЙЛѕЛЃл║лЙл▓лИл╣ лил░л┐лИЛѓ: dance, skip% = 12, max videos = 20
2025-06-15 20:56:45,947 | INFO | ­Ъћљ лЉЛЃл┤Лї л╗л░ЛЂл║л░, ЛЃл▓Лќл╣л┤ЛќЛѓЛї л▓ ЛЂл▓Лќл╣ TikTok л░л║л░ЛЃлйЛѓ ЛЃ л▓Лќл┤л║ЛђлИЛѓлЙл╝ЛЃ л▓Лќл║лйЛќ.
2025-06-15 20:57:14,913 | INFO | РюЁ лљл▓ЛѓлЙЛђлИлил░ЛєЛќЛј лил░л▓лхЛђЛѕлхлйлЙ
2025-06-15 20:57:14,913 | INFO | ­Ъїљ лњЛќл┤л║ЛђлИл▓л░Лћл╝лЙ https://www.tiktok.com/search?q=dance
2025-06-15 20:57:20,192 | INFO | РюЁ лалхлиЛЃл╗ЛїЛѓл░ЛѓлИ л┐лЙЛѕЛЃл║ЛЃ лил░л▓л░лйЛѓл░лХлхлйлЙ
2025-06-15 20:57:23,420 | INFO | ­ЪЊё лЌЛќл▒Лђл░лйлЙ л┐лЙЛЂлИл╗л░лйЛї: 20
2025-06-15 20:57:23,420 | INFO | 1/20 | https://www.tiktok.com/@d.a.m.i.y.a.m.i/video/7515134618387942678 | лЪлалълАлюлълблаРђд
2025-06-15 20:57:44,070 | ERROR | 1/20 | https://www.tiktok.com/@d.a.m.i.y.a.m.i/video/7515134618387942678 | лблљлЎлюлљлБлб лЌлљлњлљлЮлблљлќлЋлЮлЮл» лњлєлћлЋлъ
2025-06-15 20:57:44,081 | INFO | 2/20 | https://www.tiktok.com/@caikunkuna/video/7511457573439180078 | лЪлалълАлюлълблаРђд
2025-06-15 20:58:02,176 | WARNING | ­ЪџФ лАл║ЛђлИл┐Лѓ лиЛЃл┐лИлйлхлйлЙ л║лЙЛђлИЛЂЛѓЛЃл▓л░ЛЄлхл╝
2025-06-15 20:58:02,180 | ERROR | Future exception was never retrieved
future: <Future finished exception=TargetClosedError('Target page, context or browser has been closed')>
playwright._impl._errors.TargetClosedError: Target page, context or browser has been closed
2025-06-15 20:58:20,143 | INFO | ­Ъџђ лЪлЙЛЄл░ЛѓлЙл║ л░л▓ЛѓлЙл╝л░ЛѓлИлил░ЛєЛќЛЌ TikTok
2025-06-15 20:58:20,143 | INFO | ­Ъћј лЪлЙЛѕЛЃл║лЙл▓лИл╣ лил░л┐лИЛѓ: dance, skip% = 12, max videos = 20
2025-06-15 20:58:24,485 | INFO | ­Ъћљ лЉЛЃл┤Лї л╗л░ЛЂл║л░, ЛЃл▓Лќл╣л┤ЛќЛѓЛї л▓ ЛЂл▓Лќл╣ TikTok л░л║л░ЛЃлйЛѓ ЛЃ л▓Лќл┤л║ЛђлИЛѓлЙл╝ЛЃ л▓Лќл║лйЛќ.
2025-06-15 21:00:44,121 | INFO | РюЁ лљл▓ЛѓлЙЛђлИлил░ЛєЛќЛј лил░л▓лхЛђЛѕлхлйлЙ
2025-06-15 21:00:44,121 | INFO | ­Ъїљ лњЛќл┤л║ЛђлИл▓л░Лћл╝лЙ https://www.tiktok.com/search?q=dance
2025-06-15 21:03:28,048 | INFO | ­Ъџђ лЪлЙЛЄл░ЛѓлЙл║ л░л▓ЛѓлЙл╝л░ЛѓлИлил░ЛєЛќЛЌ TikTok
2025-06-15 21:03:28,048 | INFO | ­Ъћј лЪлЙЛѕЛЃл║лЙл▓лИл╣ лил░л┐лИЛѓ: dance, skip% = 12, max videos = 20
2025-06-15 21:03:32,305 | INFO | ­Ъћљ лЉЛЃл┤Лї л╗л░ЛЂл║л░, ЛЃл▓Лќл╣л┤ЛќЛѓЛї л▓ ЛЂл▓Лќл╣ TikTok л░л║л░ЛЃлйЛѓ ЛЃ л▓Лќл┤л║ЛђлИЛѓлЙл╝ЛЃ л▓Лќл║лйЛќ.
2025-06-15 21:04:11,031 | WARNING | ­ЪџФ лАл║ЛђлИл┐Лѓ лиЛЃл┐лИлйлхлйлЙ л║лЙЛђлИЛЂЛѓЛЃл▓л░ЛЄлхл╝
